@storybook/cli v7.0.18

info => Cleaning outputDir: C:\Users\ayad\AppData\Local\Temp\chromatic--58880-u27F29y4ng4S
info => Loading presets
info => Building manager..
info => Manager built (420 ms)
info => Compiling preview..
info => Copying static files: C:\Users\ayad\Desktop\learnstorybook-design-system\node_modules\@storybook\manager\static at C:\Users\ayad\AppData\Local\Temp\chromatic--58880-u27F29y4ng4S\sb-common-assets
info Addon-docs: using MDX2
info => Loading Webpack configuration from `node_modules\react-scripts`
info => Removing existing JavaScript and TypeScript rules.
info => Modifying Create React App rules.
info => Using default Webpack5 setup
Browserslist: caniuse-lite is outdated. Please run:
npx browserslist@latest --update-db

Why you should do it regularly:
https://github.com/browserslist/browserslist#browsers-data-updating
<s> [webpack.Progress] 0% 

<s> [webpack.Progress] 1% setup before run
<s> [webpack.Progress] 1% setup before run NodeEnvironmentPlugin
<s> [webpack.Progress] 1% setup before run
<s> [webpack.Progress] 2% setup run
<s> [webpack.Progress] 2% setup run ESLintWebpackPlugin_1
<s> [webpack.Progress] 2% setup run
<s> [webpack.Progress] 4% setup normal module factory
<s> [webpack.Progress] 4% setup normal module factory CaseSensitivePathsPlugin
<s> [webpack.Progress] 4% setup normal module factory ModuleNotFoundPlugin
<s> [webpack.Progress] 4% setup normal module factory IgnorePlugin
<s> [webpack.Progress] 4% setup normal module factory
<s> [webpack.Progress] 5% setup context module factory
<s> [webpack.Progress] 5% setup context module factory IgnorePlugin
<s> [webpack.Progress] 5% setup context module factory
<s> [webpack.Progress] 6% setup before compile
<s> [webpack.Progress] 6% setup before compile ProgressPlugin
<s> [webpack.Progress] 6% setup before compile
<s> [webpack.Progress] 7% setup compile
<s> [webpack.Progress] 7% setup compile ExternalsPlugin
<s> [webpack.Progress] 7% setup compile ExternalsPlugin
<s> [webpack.Progress] 7% setup compile
<s> [webpack.Progress] 8% setup compilation
<s> [webpack.Progress] 8% setup compilation unplugin-csf
<s> [webpack.Progress] 8% setup compilation mini-css-extract-plugin
<s> [webpack.Progress] 8% setup compilation ArrayPushCallbackChunkFormatPlugin
<s> [webpack.Progress] 8% setup compilation JsonpChunkLoadingPlugin
<s> [webpack.Progress] 8% setup compilation StartupChunkDependenciesPlugin
<s> [webpack.Progress] 8% setup compilation ImportScriptsChunkLoadingPlugin
<s> [webpack.Progress] 8% setup compilation FetchCompileWasmPlugin
<s> [webpack.Progress] 8% setup compilation FetchCompileAsyncWasmPlugin
<s> [webpack.Progress] 8% setup compilation WorkerPlugin
<s> [webpack.Progress] 8% setup compilation SplitChunksPlugin
<s> [webpack.Progress] 8% setup compilation RuntimeChunkPlugin
<s> [webpack.Progress] 8% setup compilation ResolverCachePlugin
<s> [webpack.Progress] 8% setup compilation HtmlWebpackPlugin
<s> [webpack.Progress] 8% setup compilation
<s> [webpack.Progress] 9% setup compilation
<s> [webpack.Progress] 9% setup compilation DefinePlugin
<s> [webpack.Progress] 9% setup compilation ProvidePlugin
<s> [webpack.Progress] 9% setup compilation ProgressPlugin
<s> [webpack.Progress] 9% setup compilation InlineChunkHtmlPlugin
<s> [webpack.Progress] 9% setup compilation InterpolateHtmlPlugin
<s> [webpack.Progress] 9% setup compilation mini-css-extract-plugin
<s> [webpack.Progress] 9% setup compilation ChunkPrefetchPreloadPlugin
<s> [webpack.Progress] 9% setup compilation SourceMapDevToolPlugin
<s> [webpack.Progress] 9% setup compilation JavascriptModulesPlugin
<s> [webpack.Progress] 9% setup compilation JsonModulesPlugin
<s> [webpack.Progress] 9% setup compilation AssetModulesPlugin
<s> [webpack.Progress] 9% setup compilation EntryPlugin
<s> [webpack.Progress] 9% setup compilation RuntimePlugin
<s> [webpack.Progress] 9% setup compilation InferAsyncModulesPlugin
<s> [webpack.Progress] 9% setup compilation DataUriPlugin
<s> [webpack.Progress] 9% setup compilation FileUriPlugin
<s> [webpack.Progress] 9% setup compilation CompatibilityPlugin
<s> [webpack.Progress] 9% setup compilation HarmonyModulesPlugin
<s> [webpack.Progress] 9% setup compilation AMDPlugin
<s> [webpack.Progress] 9% setup compilation RequireJsStuffPlugin
<s> [webpack.Progress] 9% setup compilation CommonJsPlugin
<s> [webpack.Progress] 9% setup compilation LoaderPlugin
<s> [webpack.Progress] 9% setup compilation LoaderPlugin
<s> [webpack.Progress] 9% setup compilation NodeStuffPlugin
<s> [webpack.Progress] 9% setup compilation APIPlugin
<s> [webpack.Progress] 9% setup compilation ExportsInfoApiPlugin
<s> [webpack.Progress] 9% setup compilation WebpackIsIncludedPlugin
<s> [webpack.Progress] 9% setup compilation ConstPlugin
<s> [webpack.Progress] 9% setup compilation UseStrictPlugin
<s> [webpack.Progress] 9% setup compilation RequireIncludePlugin
<s> [webpack.Progress] 9% setup compilation RequireEnsurePlugin
<s> [webpack.Progress] 9% setup compilation RequireContextPlugin
<s> [webpack.Progress] 9% setup compilation ImportPlugin
<s> [webpack.Progress] 9% setup compilation ImportMetaContextPlugin
<s> [webpack.Progress] 9% setup compilation SystemPlugin
<s> [webpack.Progress] 9% setup compilation ImportMetaPlugin
<s> [webpack.Progress] 9% setup compilation URLPlugin
<s> [webpack.Progress] 9% setup compilation DefaultStatsFactoryPlugin
<s> [webpack.Progress] 9% setup compilation DefaultStatsPresetPlugin
<s> [webpack.Progress] 9% setup compilation DefaultStatsPrinterPlugin
<s> [webpack.Progress] 9% setup compilation JavascriptMetaInfoPlugin
<s> [webpack.Progress] 9% setup compilation EnsureChunkConditionsPlugin
<s> [webpack.Progress] 9% setup compilation RemoveEmptyChunksPlugin
<s> [webpack.Progress] 9% setup compilation MergeDuplicateChunksPlugin
<s> [webpack.Progress] 9% setup compilation FlagIncludedChunksPlugin
<s> [webpack.Progress] 9% setup compilation SideEffectsFlagPlugin
<s> [webpack.Progress] 9% setup compilation FlagDependencyExportsPlugin
<s> [webpack.Progress] 9% setup compilation FlagDependencyUsagePlugin
<s> [webpack.Progress] 9% setup compilation InnerGraphPlugin
<s> [webpack.Progress] 9% setup compilation MangleExportsPlugin
<s> [webpack.Progress] 9% setup compilation ModuleConcatenationPlugin
<s> [webpack.Progress] 9% setup compilation NoEmitOnErrorsPlugin
<s> [webpack.Progress] 9% setup compilation RealContentHashPlugin
<s> [webpack.Progress] 9% setup compilation WasmFinalizeExportsPlugin
<s> [webpack.Progress] 9% setup compilation NamedModuleIdsPlugin
<s> [webpack.Progress] 9% setup compilation DeterministicChunkIdsPlugin
<s> [webpack.Progress] 9% setup compilation DefinePlugin
<s> [webpack.Progress] 9% setup compilation TerserPlugin
<s> [webpack.Progress] 9% setup compilation TemplatedPathPlugin
<s> [webpack.Progress] 9% setup compilation RecordIdsPlugin
<s> [webpack.Progress] 9% setup compilation WarnCaseSensitiveModulesPlugin
<s> [webpack.Progress] 9% setup compilation IgnoreWarningsPlugin
<s> [webpack.Progress] 9% setup compilation ESLintWebpackPlugin_1
<s> [webpack.Progress] 9% setup compilation
<s> [webpack.Progress] 10% building
<s> [webpack.Progress] 10% building 0/1 entries 0/0 dependencies 0/0 modules
<s> [webpack.Progress] 26% building 0/1 entries 11/18 dependencies 3/10 modules
<s> [webpack.Progress] 19% building import loader ./node_modules/babel-loader/lib/index.js
<s> [webpack.Progress] 19% building import loader ./node_modules/source-map-loader/dist/cjs.js
<s> [webpack.Progress] 19% building 0/1 entries 17/19 dependencies 3/17 modules
<s> [webpack.Progress] 19% building 0/1 entries 17/40 dependencies 3/17 modules
<s> [webpack.Progress] 19% building 0/1 entries 25/51 dependencies 4/23 modules
<s> [webpack.Progress] 26% building import loader ./node_modules/@storybook/mdx2-csf/loader.js
<s> [webpack.Progress] 26% building 0/1 entries 34/75 dependencies 8/27 modules
<s> [webpack.Progress] 22% building import loader ./node_modules/unplugin/dist/webpack/loaders/load.js
<s> [webpack.Progress] 22% building 0/1 entries 52/90 dependencies 8/36 modules
info => Copying static files: C:\Users\ayad\Desktop\learnstorybook-design-system\public at C:\Users\ayad\AppData\Local\Temp\chromatic--58880-u27F29y4ng4S\
<s> [webpack.Progress] 19% building 0/1 entries 76/117 dependencies 8/48 modules
<s> [webpack.Progress] 16% building 0/1 entries 100/121 dependencies 8/66 modules
<s> [webpack.Progress] 16% building import loader ./node_modules/@svgr/webpack/lib/index.js
<s> [webpack.Progress] 16% building import loader ./node_modules/file-loader/dist/cjs.js
<s> [webpack.Progress] 16% building 0/1 entries 105/122 dependencies 8/70 modules
<s> [webpack.Progress] 29% building 0/1 entries 138/184 dependencies 30/83 modules
<s> [webpack.Progress] 30% building 0/1 entries 185/235 dependencies 40/109 modules
<s> [webpack.Progress] 28% building 0/1 entries 326/400 dependencies 51/150 modules
<s> [webpack.Progress] 29% building import loader ./node_modules/mini-css-extract-plugin/dist/loader.js
<s> [webpack.Progress] 29% building import loader ./node_modules/css-loader/dist/cjs.js
<s> [webpack.Progress] 29% building import loader ./node_modules/postcss-loader/dist/cjs.js
<s> [webpack.Progress] 29% building 0/1 entries 332/407 dependencies 54/150 modules
<s> [webpack.Progress] 28% building 0/1 entries 397/466 dependencies 68/200 modules
<s> [webpack.Progress] 32% building 0/1 entries 700/765 dependencies 135/323 modules
Browserslist: caniuse-lite is outdated. Please run:
npx browserslist@latest --update-db

Why you should do it regularly:
https://github.com/browserslist/browserslist#browsers-data-updating
<s> [webpack.Progress] 45% building 0/1 entries 875/900 dependencies 238/371 modules
<s> [webpack.Progress] 57% building 0/1 entries 1179/1200 dependencies 420/487 modules
<s> [webpack.Progress] 56% building 0/1 entries 1300/1438 dependencies 473/555 modules
<s> [webpack.Progress] 58% building 0/1 entries 1441/1466 dependencies 600/675 modules
<s> [webpack.Progress] 65% building 1/1 entries 1631/1631 dependencies 738/738 modules
<s> [webpack.Progress] 65% building
<s> [webpack.Progress] 69% building finish
<s> [webpack.Progress] 69% building finish
<s> [webpack.Progress] 70% sealing finish module graph
<s> [webpack.Progress] 70% sealing finish module graph ResolverCachePlugin
<s> [webpack.Progress] 70% sealing finish module graph InferAsyncModulesPlugin
<s> [webpack.Progress] 70% sealing finish module graph FlagDependencyExportsPlugin
<s> [webpack.Progress] 70% sealing finish module graph InnerGraphPlugin
<s> [webpack.Progress] 70% sealing finish module graph WasmFinalizeExportsPlugin
<s> [webpack.Progress] 70% sealing finish module graph ESLintWebpackPlugin_1
<s> [webpack.Progress] 70% sealing finish module graph
<s> [webpack.Progress] 70% sealing plugins
<s> [webpack.Progress] 70% sealing plugins WarnCaseSensitiveModulesPlugin
<s> [webpack.Progress] 70% sealing plugins
<s> [webpack.Progress] 71% sealing dependencies optimization
<s> [webpack.Progress] 71% sealing dependencies optimization SideEffectsFlagPlugin
<s> [webpack.Progress] 71% sealing dependencies optimization FlagDependencyUsagePlugin
<s> [webpack.Progress] 71% sealing dependencies optimization
<s> [webpack.Progress] 71% sealing after dependencies optimization
<s> [webpack.Progress] 71% sealing after dependencies optimization
<s> [webpack.Progress] 72% sealing chunk graph
<s> [webpack.Progress] 72% sealing chunk graph
<s> [webpack.Progress] 73% sealing after chunk graph
<s> [webpack.Progress] 73% sealing after chunk graph
<s> [webpack.Progress] 73% sealing optimizing
<s> [webpack.Progress] 73% sealing optimizing
<s> [webpack.Progress] 74% sealing module optimization
<s> [webpack.Progress] 74% sealing module optimization
<s> [webpack.Progress] 75% sealing after module optimization
<s> [webpack.Progress] 75% sealing after module optimization
<s> [webpack.Progress] 75% sealing chunk optimization
<s> [webpack.Progress] 75% sealing chunk optimization EnsureChunkConditionsPlugin
<s> [webpack.Progress] 75% sealing chunk optimization RemoveEmptyChunksPlugin
<s> [webpack.Progress] 75% sealing chunk optimization MergeDuplicateChunksPlugin
<s> [webpack.Progress] 75% sealing chunk optimization SplitChunksPlugin
<s> [webpack.Progress] 75% sealing chunk optimization RemoveEmptyChunksPlugin
<s> [webpack.Progress] 75% sealing chunk optimization
<s> [webpack.Progress] 76% sealing after chunk optimization
<s> [webpack.Progress] 76% sealing after chunk optimization
<s> [webpack.Progress] 77% sealing module and chunk tree optimization
<s> [webpack.Progress] 77% sealing module and chunk tree optimization PersistentChildCompilerSingletonPlugin
<s> [webpack.Progress] 77% sealing module and chunk tree optimization
<s> [webpack.Progress] 77% sealing after module and chunk tree optimization
<s> [webpack.Progress] 77% sealing after module and chunk tree optimization
<s> [webpack.Progress] 78% sealing chunk modules optimization
<s> [webpack.Progress] 78% sealing chunk modules optimization ModuleConcatenationPlugin
<s> [webpack.Progress] 78% sealing chunk modules optimization
<s> [webpack.Progress] 78% sealing after chunk modules optimization
<s> [webpack.Progress] 78% sealing after chunk modules optimization
<s> [webpack.Progress] 79% sealing module reviving
<s> [webpack.Progress] 79% sealing module reviving RecordIdsPlugin
<s> [webpack.Progress] 79% sealing module reviving
<s> [webpack.Progress] 80% sealing before module ids
<s> [webpack.Progress] 80% sealing before module ids
<s> [webpack.Progress] 80% sealing module ids
<s> [webpack.Progress] 80% sealing module ids NamedModuleIdsPlugin
<s> [webpack.Progress] 80% sealing module ids
<s> [webpack.Progress] 81% sealing module id optimization
<s> [webpack.Progress] 81% sealing module id optimization
<s> [webpack.Progress] 82% sealing module id optimization
<s> [webpack.Progress] 82% sealing module id optimization
<s> [webpack.Progress] 82% sealing chunk reviving
<s> [webpack.Progress] 82% sealing chunk reviving RecordIdsPlugin
<s> [webpack.Progress] 82% sealing chunk reviving
<s> [webpack.Progress] 83% sealing before chunk ids
<s> [webpack.Progress] 83% sealing before chunk ids
<s> [webpack.Progress] 84% sealing chunk ids
<s> [webpack.Progress] 84% sealing chunk ids DeterministicChunkIdsPlugin
<s> [webpack.Progress] 84% sealing chunk ids
<s> [webpack.Progress] 84% sealing chunk id optimization
<s> [webpack.Progress] 84% sealing chunk id optimization FlagIncludedChunksPlugin
<s> [webpack.Progress] 84% sealing chunk id optimization
<s> [webpack.Progress] 85% sealing after chunk id optimization
<s> [webpack.Progress] 85% sealing after chunk id optimization
<s> [webpack.Progress] 86% sealing record modules
<s> [webpack.Progress] 86% sealing record modules RecordIdsPlugin
<s> [webpack.Progress] 86% sealing record modules
<s> [webpack.Progress] 86% sealing record chunks
<s> [webpack.Progress] 86% sealing record chunks RecordIdsPlugin
<s> [webpack.Progress] 86% sealing record chunks
<s> [webpack.Progress] 87% sealing module hashing
<s> [webpack.Progress] 87% sealing module hashing
<s> [webpack.Progress] 87% sealing code generation
<s> [webpack.Progress] 87% sealing code generation
<s> [webpack.Progress] 88% sealing runtime requirements
<s> [webpack.Progress] 88% sealing runtime requirements
<s> [webpack.Progress] 89% sealing hashing
<s> [webpack.Progress] 89% sealing hashing
<s> [webpack.Progress] 89% sealing after hashing
<s> [webpack.Progress] 89% sealing after hashing
<s> [webpack.Progress] 90% sealing record hash
<s> [webpack.Progress] 90% sealing record hash
<s> [webpack.Progress] 91% sealing module assets processing
<s> [webpack.Progress] 91% sealing module assets processing
<s> [webpack.Progress] 91% sealing chunk assets processing
<s> [webpack.Progress] 91% sealing chunk assets processing
<s> [webpack.Progress] 92% sealing asset processing
<s> [webpack.Progress] 92% sealing asset processing ESLintWebpackPlugin_1
<s> [webpack.Progress] 92% sealing asset processing PersistentChildCompilerSingletonPlugin
<s> [webpack.Progress] 92% sealing asset processing TerserPlugin
<s> [webpack.Progress] 92% sealing asset processing SourceMapDevToolPlugin
<s> [webpack.Progress] 92% sealing asset processing SourceMapDevToolPlugin
<s> [webpack.Progress] 92% sealing asset processing SourceMapDevToolPlugin main.bdce98b3.iframe.bundle.js generate SourceMap
<s> [webpack.Progress] 92% sealing asset processing SourceMapDevToolPlugin main.bdce98b3.iframe.bundle.js generated SourceMap
<s> [webpack.Progress] 92% sealing asset processing SourceMapDevToolPlugin runtime~main.b5c5c184.iframe.bundle.js generate SourceMap
<s> [webpack.Progress] 92% sealing asset processing SourceMapDevToolPlugin runtime~main.b5c5c184.iframe.bundle.js generated SourceMap
<s> [webpack.Progress] 92% sealing asset processing SourceMapDevToolPlugin stories-Introduction-mdx.3a6707e7.iframe.bundle.js generate SourceMap
<s> [webpack.Progress] 92% sealing asset processing SourceMapDevToolPlugin stories-Introduction-mdx.3a6707e7.iframe.bundle.js generated SourceMap
<s> [webpack.Progress] 92% sealing asset processing SourceMapDevToolPlugin Avatar-stories.07939ba5.iframe.bundle.js generate SourceMap
<s> [webpack.Progress] 92% sealing asset processing SourceMapDevToolPlugin Avatar-stories.07939ba5.iframe.bundle.js generated SourceMap
<s> [webpack.Progress] 92% sealing asset processing SourceMapDevToolPlugin Badge-stories.1c20cbe1.iframe.bundle.js generate SourceMap
<s> [webpack.Progress] 92% sealing asset processing SourceMapDevToolPlugin Badge-stories.1c20cbe1.iframe.bundle.js generated SourceMap
<s> [webpack.Progress] 92% sealing asset processing SourceMapDevToolPlugin Button-stories.d197b91c.iframe.bundle.js generate SourceMap
<s> [webpack.Progress] 92% sealing asset processing SourceMapDevToolPlugin Button-stories.d197b91c.iframe.bundle.js generated SourceMap
<s> [webpack.Progress] 92% sealing asset processing SourceMapDevToolPlugin Icon-stories.6f4720c3.iframe.bundle.js generate SourceMap
<s> [webpack.Progress] 92% sealing asset processing SourceMapDevToolPlugin Icon-stories.6f4720c3.iframe.bundle.js generated SourceMap
<s> [webpack.Progress] 92% sealing asset processing SourceMapDevToolPlugin Link-stories.f3269828.iframe.bundle.js generate SourceMap
<s> [webpack.Progress] 92% sealing asset processing SourceMapDevToolPlugin Link-stories.f3269828.iframe.bundle.js generated SourceMap
<s> [webpack.Progress] 92% sealing asset processing SourceMapDevToolPlugin static/css/stories-Button-stories.4a867eda.chunk.css generate SourceMap
<s> [webpack.Progress] 92% sealing asset processing SourceMapDevToolPlugin static/css/stories-Button-stories.4a867eda.chunk.css generated SourceMap
<s> [webpack.Progress] 92% sealing asset processing SourceMapDevToolPlugin stories-Button-stories.ccc2e026.iframe.bundle.js generate SourceMap
<s> [webpack.Progress] 92% sealing asset processing SourceMapDevToolPlugin stories-Button-stories.ccc2e026.iframe.bundle.js generated SourceMap
<s> [webpack.Progress] 92% sealing asset processing SourceMapDevToolPlugin static/css/stories-Header-stories.519e766c.chunk.css generate SourceMap
<s> [webpack.Progress] 92% sealing asset processing SourceMapDevToolPlugin static/css/stories-Header-stories.519e766c.chunk.css generated SourceMap
<s> [webpack.Progress] 92% sealing asset processing SourceMapDevToolPlugin stories-Header-stories.5e2c2d53.iframe.bundle.js generate SourceMap
<s> [webpack.Progress] 92% sealing asset processing SourceMapDevToolPlugin stories-Header-stories.5e2c2d53.iframe.bundle.js generated SourceMap
<s> [webpack.Progress] 92% sealing asset processing SourceMapDevToolPlugin static/css/stories-Page-stories.419d359e.chunk.css generate SourceMap
<s> [webpack.Progress] 92% sealing asset processing SourceMapDevToolPlugin static/css/stories-Page-stories.419d359e.chunk.css generated SourceMap
<s> [webpack.Progress] 92% sealing asset processing SourceMapDevToolPlugin stories-Page-stories.179678c4.iframe.bundle.js generate SourceMap
<s> [webpack.Progress] 92% sealing asset processing SourceMapDevToolPlugin stories-Page-stories.179678c4.iframe.bundle.js generated SourceMap
<s> [webpack.Progress] 92% sealing asset processing SourceMapDevToolPlugin 720.8b88dd4d.iframe.bundle.js generate SourceMap
<s> [webpack.Progress] 92% sealing asset processing SourceMapDevToolPlugin 720.8b88dd4d.iframe.bundle.js generated SourceMap
<s> [webpack.Progress] 92% sealing asset processing SourceMapDevToolPlugin 333.3af92b78.iframe.bundle.js generate SourceMap
<s> [webpack.Progress] 92% sealing asset processing SourceMapDevToolPlugin 333.3af92b78.iframe.bundle.js generated SourceMap
<s> [webpack.Progress] 92% sealing asset processing SourceMapDevToolPlugin 58.5e4ca0f0.iframe.bundle.js generate SourceMap
<s> [webpack.Progress] 92% sealing asset processing SourceMapDevToolPlugin 58.5e4ca0f0.iframe.bundle.js generated SourceMap
<s> [webpack.Progress] 92% sealing asset processing SourceMapDevToolPlugin 672.9ea34dc7.iframe.bundle.js generate SourceMap
<s> [webpack.Progress] 92% sealing asset processing SourceMapDevToolPlugin 672.9ea34dc7.iframe.bundle.js generated SourceMap
<s> [webpack.Progress] 92% sealing asset processing SourceMapDevToolPlugin 661.063ca8b1.iframe.bundle.js generate SourceMap
<s> [webpack.Progress] 92% sealing asset processing SourceMapDevToolPlugin 661.063ca8b1.iframe.bundle.js generated SourceMap
<s> [webpack.Progress] 92% sealing asset processing SourceMapDevToolPlugin 923.fd03ca39.iframe.bundle.js generate SourceMap
<s> [webpack.Progress] 92% sealing asset processing SourceMapDevToolPlugin 923.fd03ca39.iframe.bundle.js generated SourceMap
<s> [webpack.Progress] 92% sealing asset processing SourceMapDevToolPlugin 446.a0b5e9c7.iframe.bundle.js generate SourceMap
<s> [webpack.Progress] 92% sealing asset processing SourceMapDevToolPlugin 446.a0b5e9c7.iframe.bundle.js generated SourceMap
<s> [webpack.Progress] 92% sealing asset processing SourceMapDevToolPlugin 433.d4d37cda.iframe.bundle.js generate SourceMap
<s> [webpack.Progress] 92% sealing asset processing SourceMapDevToolPlugin 433.d4d37cda.iframe.bundle.js generated SourceMap
<s> [webpack.Progress] 92% sealing asset processing SourceMapDevToolPlugin 787.aba5e7b5.iframe.bundle.js generate SourceMap
<s> [webpack.Progress] 92% sealing asset processing SourceMapDevToolPlugin 787.aba5e7b5.iframe.bundle.js generated SourceMap
<s> [webpack.Progress] 92% sealing asset processing SourceMapDevToolPlugin 114.d4469776.iframe.bundle.js generate SourceMap
<s> [webpack.Progress] 92% sealing asset processing SourceMapDevToolPlugin 114.d4469776.iframe.bundle.js generated SourceMap
<s> [webpack.Progress] 92% sealing asset processing SourceMapDevToolPlugin 389.c7905fc4.iframe.bundle.js generate SourceMap
<s> [webpack.Progress] 92% sealing asset processing SourceMapDevToolPlugin 389.c7905fc4.iframe.bundle.js generated SourceMap
<s> [webpack.Progress] 92% sealing asset processing SourceMapDevToolPlugin 836.889b9909.iframe.bundle.js generate SourceMap
<s> [webpack.Progress] 92% sealing asset processing SourceMapDevToolPlugin 836.889b9909.iframe.bundle.js generated SourceMap
<s> [webpack.Progress] 92% sealing asset processing SourceMapDevToolPlugin 977.4950dc9d.iframe.bundle.js generate SourceMap
<s> [webpack.Progress] 92% sealing asset processing SourceMapDevToolPlugin 977.4950dc9d.iframe.bundle.js generated SourceMap
<s> [webpack.Progress] 92% sealing asset processing SourceMapDevToolPlugin resolve sources
<s> [webpack.Progress] 92% sealing asset processing SourceMapDevToolPlugin static/css/stories-Button-stories.4a867eda.chunk.css attach SourceMap
<s> [webpack.Progress] 92% sealing asset processing SourceMapDevToolPlugin static/css/stories-Button-stories.4a867eda.chunk.css attached SourceMap
<s> [webpack.Progress] 92% sealing asset processing SourceMapDevToolPlugin static/css/stories-Header-stories.519e766c.chunk.css attach SourceMap
<s> [webpack.Progress] 92% sealing asset processing SourceMapDevToolPlugin static/css/stories-Header-stories.519e766c.chunk.css attached SourceMap
<s> [webpack.Progress] 92% sealing asset processing SourceMapDevToolPlugin static/css/stories-Page-stories.419d359e.chunk.css attach SourceMap
<s> [webpack.Progress] 92% sealing asset processing SourceMapDevToolPlugin static/css/stories-Page-stories.419d359e.chunk.css attached SourceMap
<s> [webpack.Progress] 92% sealing asset processing SourceMapDevToolPlugin 672.9ea34dc7.iframe.bundle.js attach SourceMap
<s> [webpack.Progress] 92% sealing asset processing SourceMapDevToolPlugin 672.9ea34dc7.iframe.bundle.js attached SourceMap
<s> [webpack.Progress] 92% sealing asset processing SourceMapDevToolPlugin 787.aba5e7b5.iframe.bundle.js attach SourceMap
<s> [webpack.Progress] 92% sealing asset processing SourceMapDevToolPlugin 787.aba5e7b5.iframe.bundle.js attached SourceMap
<s> [webpack.Progress] 92% sealing asset processing SourceMapDevToolPlugin 836.889b9909.iframe.bundle.js attach SourceMap
<s> [webpack.Progress] 92% sealing asset processing SourceMapDevToolPlugin 836.889b9909.iframe.bundle.js attached SourceMap
<s> [webpack.Progress] 92% sealing asset processing SourceMapDevToolPlugin
<s> [webpack.Progress] 92% sealing asset processing SourceMapDevToolPlugin
<s> [webpack.Progress] 92% sealing asset processing SourceMapDevToolPlugin resolve sources
<s> [webpack.Progress] 92% sealing asset processing SourceMapDevToolPlugin
<s> [webpack.Progress] 92% sealing asset processing HtmlWebpackPlugin
<s> [webpack.Progress] 92% sealing asset processing HtmlWebpackPlugin
<s> [webpack.Progress] 92% sealing asset processing HtmlWebpackPlugin resolve sources
<s> [webpack.Progress] 92% sealing asset processing HtmlWebpackPlugin
<s> [webpack.Progress] 92% sealing asset processing RealContentHashPlugin
<s> [webpack.Progress] 92% sealing asset processing RealContentHashPlugin
<s> [webpack.Progress] 92% sealing asset processing RealContentHashPlugin main.aac3d31a.iframe.bundle.js generate SourceMap
<s> [webpack.Progress] 92% sealing asset processing RealContentHashPlugin main.aac3d31a.iframe.bundle.js generated SourceMap
<s> [webpack.Progress] 92% sealing asset processing RealContentHashPlugin runtime~main.74ff8bf4.iframe.bundle.js generate SourceMap
<s> [webpack.Progress] 92% sealing asset processing RealContentHashPlugin runtime~main.74ff8bf4.iframe.bundle.js generated SourceMap
<s> [webpack.Progress] 92% sealing asset processing RealContentHashPlugin stories-Introduction-mdx.f986b76f.iframe.bundle.js generate SourceMap
<s> [webpack.Progress] 92% sealing asset processing RealContentHashPlugin stories-Introduction-mdx.f986b76f.iframe.bundle.js generated SourceMap
<s> [webpack.Progress] 92% sealing asset processing RealContentHashPlugin Avatar-stories.bac99a4b.iframe.bundle.js generate SourceMap
<s> [webpack.Progress] 92% sealing asset processing RealContentHashPlugin Avatar-stories.bac99a4b.iframe.bundle.js generated SourceMap
<s> [webpack.Progress] 92% sealing asset processing RealContentHashPlugin Badge-stories.12592f97.iframe.bundle.js generate SourceMap
<s> [webpack.Progress] 92% sealing asset processing RealContentHashPlugin Badge-stories.12592f97.iframe.bundle.js generated SourceMap
<s> [webpack.Progress] 92% sealing asset processing RealContentHashPlugin Button-stories.e362079f.iframe.bundle.js generate SourceMap
<s> [webpack.Progress] 92% sealing asset processing RealContentHashPlugin Button-stories.e362079f.iframe.bundle.js generated SourceMap
<s> [webpack.Progress] 92% sealing asset processing RealContentHashPlugin Icon-stories.f577f055.iframe.bundle.js generate SourceMap
<s> [webpack.Progress] 92% sealing asset processing RealContentHashPlugin Icon-stories.f577f055.iframe.bundle.js generated SourceMap
<s> [webpack.Progress] 92% sealing asset processing RealContentHashPlugin Link-stories.bbec43eb.iframe.bundle.js generate SourceMap
<s> [webpack.Progress] 92% sealing asset processing RealContentHashPlugin Link-stories.bbec43eb.iframe.bundle.js generated SourceMap
<s> [webpack.Progress] 92% sealing asset processing RealContentHashPlugin stories-Button-stories.1e6231dd.iframe.bundle.js generate SourceMap
<s> [webpack.Progress] 92% sealing asset processing RealContentHashPlugin stories-Button-stories.1e6231dd.iframe.bundle.js generated SourceMap
<s> [webpack.Progress] 92% sealing asset processing RealContentHashPlugin stories-Header-stories.e0b5fb85.iframe.bundle.js generate SourceMap
<s> [webpack.Progress] 92% sealing asset processing RealContentHashPlugin stories-Header-stories.e0b5fb85.iframe.bundle.js generated SourceMap
<s> [webpack.Progress] 92% sealing asset processing RealContentHashPlugin stories-Page-stories.212ea7c0.iframe.bundle.js generate SourceMap
<s> [webpack.Progress] 92% sealing asset processing RealContentHashPlugin stories-Page-stories.212ea7c0.iframe.bundle.js generated SourceMap
<s> [webpack.Progress] 92% sealing asset processing RealContentHashPlugin 720.026db8b9.iframe.bundle.js generate SourceMap
<s> [webpack.Progress] 92% sealing asset processing RealContentHashPlugin 720.026db8b9.iframe.bundle.js generated SourceMap
<s> [webpack.Progress] 92% sealing asset processing RealContentHashPlugin 333.adeacdda.iframe.bundle.js generate SourceMap
<s> [webpack.Progress] 92% sealing asset processing RealContentHashPlugin 333.adeacdda.iframe.bundle.js generated SourceMap
<s> [webpack.Progress] 92% sealing asset processing RealContentHashPlugin 58.404dbd46.iframe.bundle.js generate SourceMap
<s> [webpack.Progress] 92% sealing asset processing RealContentHashPlugin 58.404dbd46.iframe.bundle.js generated SourceMap
<s> [webpack.Progress] 92% sealing asset processing RealContentHashPlugin 661.c101e691.iframe.bundle.js generate SourceMap
<s> [webpack.Progress] 92% sealing asset processing RealContentHashPlugin 661.c101e691.iframe.bundle.js generated SourceMap
<s> [webpack.Progress] 92% sealing asset processing RealContentHashPlugin 923.893c92ca.iframe.bundle.js generate SourceMap
<s> [webpack.Progress] 92% sealing asset processing RealContentHashPlugin 923.893c92ca.iframe.bundle.js generated SourceMap
<s> [webpack.Progress] 92% sealing asset processing RealContentHashPlugin 446.5d0a8c16.iframe.bundle.js generate SourceMap
<s> [webpack.Progress] 92% sealing asset processing RealContentHashPlugin 446.5d0a8c16.iframe.bundle.js generated SourceMap
<s> [webpack.Progress] 92% sealing asset processing RealContentHashPlugin 433.4cee7951.iframe.bundle.js generate SourceMap
<s> [webpack.Progress] 92% sealing asset processing RealContentHashPlugin 433.4cee7951.iframe.bundle.js generated SourceMap
<s> [webpack.Progress] 92% sealing asset processing RealContentHashPlugin 114.b8f25b12.iframe.bundle.js generate SourceMap
<s> [webpack.Progress] 92% sealing asset processing RealContentHashPlugin 114.b8f25b12.iframe.bundle.js generated SourceMap
<s> [webpack.Progress] 92% sealing asset processing RealContentHashPlugin 977.c13c81da.iframe.bundle.js generate SourceMap
<s> [webpack.Progress] 92% sealing asset processing RealContentHashPlugin 977.c13c81da.iframe.bundle.js generated SourceMap
<s> [webpack.Progress] 92% sealing asset processing RealContentHashPlugin 389.12386bdc.iframe.bundle.js generate SourceMap
<s> [webpack.Progress] 92% sealing asset processing RealContentHashPlugin 389.12386bdc.iframe.bundle.js generated SourceMap
<s> [webpack.Progress] 92% sealing asset processing RealContentHashPlugin resolve sources
<s> [webpack.Progress] 92% sealing asset processing RealContentHashPlugin
<s> [webpack.Progress] 92% sealing asset processing
<s> [webpack.Progress] 93% sealing after asset optimization
<s> [webpack.Progress] 93% sealing after asset optimization
<s> [webpack.Progress] 93% sealing recording
<s> [webpack.Progress] 93% sealing recording
<s> [webpack.Progress] 94% sealing after seal
<s> [webpack.Progress] 94% sealing after seal
<s> [webpack.Progress] 99% done plugins
<s> [webpack.Progress] 99% done plugins CaseSensitivePathsPlugin
<s> [webpack.Progress] 99% done plugins
<s> [webpack.Progress] 99% 

<s> [webpack.Progress] 99% cache begin idle
<s> [webpack.Progress] 99% cache begin idle
<s> [webpack.Progress] 100% 

ERR! => Failed to build the preview
ERR! [eslint] 
ERR! src\Avatar.stories.js
ERR!   Line 0:  Parsing error: [BABEL] C:\Users\ayad\Desktop\learnstorybook-design-system\src\Avatar.stories.js: Cannot find module '@babel/plugin-proposal-optional-catch-binding'
ERR! Require stack:
ERR! - C:\Users\ayad\Desktop\learnstorybook-design-system\node_modules\babel-preset-react-app\node_modules\@babel\preset-env\lib\available-plugins.js
ERR! - C:\Users\ayad\Desktop\learnstorybook-design-system\node_modules\babel-preset-react-app\node_modules\@babel\preset-env\lib\plugins-compat-data.js
ERR! - C:\Users\ayad\Desktop\learnstorybook-design-system\node_modules\babel-preset-react-app\node_modules\@babel\preset-env\lib\normalize-options.js
ERR! - C:\Users\ayad\Desktop\learnstorybook-design-system\node_modules\babel-preset-react-app\node_modules\@babel\preset-env\lib\index.js
ERR! - C:\Users\ayad\Desktop\learnstorybook-design-system\node_modules\babel-preset-react-app\create.js
ERR! - C:\Users\ayad\Desktop\learnstorybook-design-system\node_modules\babel-preset-react-app\index.js
ERR! - C:\Users\ayad\Desktop\learnstorybook-design-system\node_modules\@babel\core\lib\config\files\module-types.js
ERR! - C:\Users\ayad\Desktop\learnstorybook-design-system\node_modules\@babel\core\lib\config\files\configuration.js
ERR! - C:\Users\ayad\Desktop\learnstorybook-design-system\node_modules\@babel\core\lib\config\files\index.js
ERR! - C:\Users\ayad\Desktop\learnstorybook-design-system\node_modules\@babel\core\lib\index.js
ERR! - C:\Users\ayad\Desktop\learnstorybook-design-system\node_modules\@storybook\cli\dist\generate.js
ERR! - C:\Users\ayad\Desktop\learnstorybook-design-system\node_modules\@storybook\cli\bin\index.js
ERR! - C:\Users\ayad\Desktop\learnstorybook-design-system\node_modules\storybook\index.js (While processing: "C:\\Users\\ayad\\Desktop\\learnstorybook-design-system\\node_modules\\babel-preset-react-app\\prod.js")
ERR! 
ERR! src\Badge.stories.js
ERR!   Line 0:  Parsing error: [BABEL] C:\Users\ayad\Desktop\learnstorybook-design-system\src\Badge.stories.js: Cannot find module '@babel/plugin-proposal-optional-catch-binding'
ERR! Require stack:
ERR! - C:\Users\ayad\Desktop\learnstorybook-design-system\node_modules\babel-preset-react-app\node_modules\@babel\preset-env\lib\available-plugins.js
ERR! - C:\Users\ayad\Desktop\learnstorybook-design-system\node_modules\babel-preset-react-app\node_modules\@babel\preset-env\lib\plugins-compat-data.js
ERR! - C:\Users\ayad\Desktop\learnstorybook-design-system\node_modules\babel-preset-react-app\node_modules\@babel\preset-env\lib\normalize-options.js
ERR! - C:\Users\ayad\Desktop\learnstorybook-design-system\node_modules\babel-preset-react-app\node_modules\@babel\preset-env\lib\index.js
ERR! - C:\Users\ayad\Desktop\learnstorybook-design-system\node_modules\babel-preset-react-app\create.js
ERR! - C:\Users\ayad\Desktop\learnstorybook-design-system\node_modules\babel-preset-react-app\index.js
ERR! - C:\Users\ayad\Desktop\learnstorybook-design-system\node_modules\@babel\core\lib\config\files\module-types.js
ERR! - C:\Users\ayad\Desktop\learnstorybook-design-system\node_modules\@babel\core\lib\config\files\configuration.js
ERR! - C:\Users\ayad\Desktop\learnstorybook-design-system\node_modules\@babel\core\lib\config\files\index.js
ERR! - C:\Users\ayad\Desktop\learnstorybook-design-system\node_modules\@babel\core\lib\index.js
ERR! - C:\Users\ayad\Desktop\learnstorybook-design-system\node_modules\@storybook\cli\dist\generate.js
ERR! - C:\Users\ayad\Desktop\learnstorybook-design-system\node_modules\@storybook\cli\bin\index.js
ERR! - C:\Users\ayad\Desktop\learnstorybook-design-system\node_modules\storybook\index.js (While processing: "C:\\Users\\ayad\\Desktop\\learnstorybook-design-system\\node_modules\\babel-preset-react-app\\prod.js")
ERR! 
ERR! src\Button.stories.js
ERR!   Line 0:  Parsing error: [BABEL] C:\Users\ayad\Desktop\learnstorybook-design-system\src\Button.stories.js: Cannot find module '@babel/plugin-proposal-optional-catch-binding'
ERR! Require stack:
ERR! - C:\Users\ayad\Desktop\learnstorybook-design-system\node_modules\babel-preset-react-app\node_modules\@babel\preset-env\lib\available-plugins.js
ERR! - C:\Users\ayad\Desktop\learnstorybook-design-system\node_modules\babel-preset-react-app\node_modules\@babel\preset-env\lib\plugins-compat-data.js
ERR! - C:\Users\ayad\Desktop\learnstorybook-design-system\node_modules\babel-preset-react-app\node_modules\@babel\preset-env\lib\normalize-options.js
ERR! - C:\Users\ayad\Desktop\learnstorybook-design-system\node_modules\babel-preset-react-app\node_modules\@babel\preset-env\lib\index.js
ERR! - C:\Users\ayad\Desktop\learnstorybook-design-system\node_modules\babel-preset-react-app\create.js
ERR! - C:\Users\ayad\Desktop\learnstorybook-design-system\node_modules\babel-preset-react-app\index.js
ERR! - C:\Users\ayad\Desktop\learnstorybook-design-system\node_modules\@babel\core\lib\config\files\module-types.js
ERR! - C:\Users\ayad\Desktop\learnstorybook-design-system\node_modules\@babel\core\lib\config\files\configuration.js
ERR! - C:\Users\ayad\Desktop\learnstorybook-design-system\node_modules\@babel\core\lib\config\files\index.js
ERR! - C:\Users\ayad\Desktop\learnstorybook-design-system\node_modules\@babel\core\lib\index.js
ERR! - C:\Users\ayad\Desktop\learnstorybook-design-system\node_modules\@storybook\cli\dist\generate.js
ERR! - C:\Users\ayad\Desktop\learnstorybook-design-system\node_modules\@storybook\cli\bin\index.js
ERR! - C:\Users\ayad\Desktop\learnstorybook-design-system\node_modules\storybook\index.js (While processing: "C:\\Users\\ayad\\Desktop\\learnstorybook-design-system\\node_modules\\babel-preset-react-app\\prod.js")
ERR! 
ERR! src\Icon.stories.js
ERR!   Line 0:  Parsing error: [BABEL] C:\Users\ayad\Desktop\learnstorybook-design-system\src\Icon.stories.js: Cannot find module '@babel/plugin-proposal-optional-catch-binding'
ERR! Require stack:
ERR! - C:\Users\ayad\Desktop\learnstorybook-design-system\node_modules\babel-preset-react-app\node_modules\@babel\preset-env\lib\available-plugins.js
ERR! - C:\Users\ayad\Desktop\learnstorybook-design-system\node_modules\babel-preset-react-app\node_modules\@babel\preset-env\lib\plugins-compat-data.js
ERR! - C:\Users\ayad\Desktop\learnstorybook-design-system\node_modules\babel-preset-react-app\node_modules\@babel\preset-env\lib\normalize-options.js
ERR! - C:\Users\ayad\Desktop\learnstorybook-design-system\node_modules\babel-preset-react-app\node_modules\@babel\preset-env\lib\index.js
ERR! - C:\Users\ayad\Desktop\learnstorybook-design-system\node_modules\babel-preset-react-app\create.js
ERR! - C:\Users\ayad\Desktop\learnstorybook-design-system\node_modules\babel-preset-react-app\index.js
ERR! - C:\Users\ayad\Desktop\learnstorybook-design-system\node_modules\@babel\core\lib\config\files\module-types.js
ERR! - C:\Users\ayad\Desktop\learnstorybook-design-system\node_modules\@babel\core\lib\config\files\configuration.js
ERR! - C:\Users\ayad\Desktop\learnstorybook-design-system\node_modules\@babel\core\lib\config\files\index.js
ERR! - C:\Users\ayad\Desktop\learnstorybook-design-system\node_modules\@babel\core\lib\index.js
ERR! - C:\Users\ayad\Desktop\learnstorybook-design-system\node_modules\@storybook\cli\dist\generate.js
ERR! - C:\Users\ayad\Desktop\learnstorybook-design-system\node_modules\@storybook\cli\bin\index.js
ERR! - C:\Users\ayad\Desktop\learnstorybook-design-system\node_modules\storybook\index.js (While processing: "C:\\Users\\ayad\\Desktop\\learnstorybook-design-system\\node_modules\\babel-preset-react-app\\prod.js")
ERR! 
ERR! src\Link.stories.js
ERR!   Line 0:  Parsing error: [BABEL] C:\Users\ayad\Desktop\learnstorybook-design-system\src\Link.stories.js: Cannot find module '@babel/plugin-proposal-optional-catch-binding'
ERR! Require stack:
ERR! - C:\Users\ayad\Desktop\learnstorybook-design-system\node_modules\babel-preset-react-app\node_modules\@babel\preset-env\lib\available-plugins.js
ERR! - C:\Users\ayad\Desktop\learnstorybook-design-system\node_modules\babel-preset-react-app\node_modules\@babel\preset-env\lib\plugins-compat-data.js
ERR! - C:\Users\ayad\Desktop\learnstorybook-design-system\node_modules\babel-preset-react-app\node_modules\@babel\preset-env\lib\normalize-options.js
ERR! - C:\Users\ayad\Desktop\learnstorybook-design-system\node_modules\babel-preset-react-app\node_modules\@babel\preset-env\lib\index.js
ERR! - C:\Users\ayad\Desktop\learnstorybook-design-system\node_modules\babel-preset-react-app\create.js
ERR! - C:\Users\ayad\Desktop\learnstorybook-design-system\node_modules\babel-preset-react-app\index.js
ERR! - C:\Users\ayad\Desktop\learnstorybook-design-system\node_modules\@babel\core\lib\config\files\module-types.js
ERR! - C:\Users\ayad\Desktop\learnstorybook-design-system\node_modules\@babel\core\lib\config\files\configuration.js
ERR! - C:\Users\ayad\Desktop\learnstorybook-design-system\node_modules\@babel\core\lib\config\files\index.js
ERR! - C:\Users\ayad\Desktop\learnstorybook-design-system\node_modules\@babel\core\lib\index.js
ERR! - C:\Users\ayad\Desktop\learnstorybook-design-system\node_modules\@storybook\cli\dist\generate.js
ERR! - C:\Users\ayad\Desktop\learnstorybook-design-system\node_modules\@storybook\cli\bin\index.js
ERR! - C:\Users\ayad\Desktop\learnstorybook-design-system\node_modules\storybook\index.js (While processing: "C:\\Users\\ayad\\Desktop\\learnstorybook-design-system\\node_modules\\babel-preset-react-app\\prod.js")
ERR! 
ERR! src\stories\Button.stories.js
ERR!   Line 0:  Parsing error: [BABEL] C:\Users\ayad\Desktop\learnstorybook-design-system\src\stories\Button.stories.js: Cannot find module '@babel/plugin-proposal-optional-catch-binding'
ERR! Require stack:
ERR! - C:\Users\ayad\Desktop\learnstorybook-design-system\node_modules\babel-preset-react-app\node_modules\@babel\preset-env\lib\available-plugins.js
ERR! - C:\Users\ayad\Desktop\learnstorybook-design-system\node_modules\babel-preset-react-app\node_modules\@babel\preset-env\lib\plugins-compat-data.js
ERR! - C:\Users\ayad\Desktop\learnstorybook-design-system\node_modules\babel-preset-react-app\node_modules\@babel\preset-env\lib\normalize-options.js
ERR! - C:\Users\ayad\Desktop\learnstorybook-design-system\node_modules\babel-preset-react-app\node_modules\@babel\preset-env\lib\index.js
ERR! - C:\Users\ayad\Desktop\learnstorybook-design-system\node_modules\babel-preset-react-app\create.js
ERR! - C:\Users\ayad\Desktop\learnstorybook-design-system\node_modules\babel-preset-react-app\index.js
ERR! - C:\Users\ayad\Desktop\learnstorybook-design-system\node_modules\@babel\core\lib\config\files\module-types.js
ERR! - C:\Users\ayad\Desktop\learnstorybook-design-system\node_modules\@babel\core\lib\config\files\configuration.js
ERR! - C:\Users\ayad\Desktop\learnstorybook-design-system\node_modules\@babel\core\lib\config\files\index.js
ERR! - C:\Users\ayad\Desktop\learnstorybook-design-system\node_modules\@babel\core\lib\index.js
ERR! - C:\Users\ayad\Desktop\learnstorybook-design-system\node_modules\@storybook\cli\dist\generate.js
ERR! - C:\Users\ayad\Desktop\learnstorybook-design-system\node_modules\@storybook\cli\bin\index.js
ERR! - C:\Users\ayad\Desktop\learnstorybook-design-system\node_modules\storybook\index.js (While processing: "C:\\Users\\ayad\\Desktop\\learnstorybook-design-system\\node_modules\\babel-preset-react-app\\prod.js")
ERR! 
ERR! src\stories\Header.stories.js
ERR!   Line 0:  Parsing error: [BABEL] C:\Users\ayad\Desktop\learnstorybook-design-system\src\stories\Header.stories.js: Cannot find module '@babel/plugin-proposal-optional-catch-binding'
ERR! Require stack:
ERR! - C:\Users\ayad\Desktop\learnstorybook-design-system\node_modules\babel-preset-react-app\node_modules\@babel\preset-env\lib\available-plugins.js
ERR! - C:\Users\ayad\Desktop\learnstorybook-design-system\node_modules\babel-preset-react-app\node_modules\@babel\preset-env\lib\plugins-compat-data.js
ERR! - C:\Users\ayad\Desktop\learnstorybook-design-system\node_modules\babel-preset-react-app\node_modules\@babel\preset-env\lib\normalize-options.js
ERR! - C:\Users\ayad\Desktop\learnstorybook-design-system\node_modules\babel-preset-react-app\node_modules\@babel\preset-env\lib\index.js
ERR! - C:\Users\ayad\Desktop\learnstorybook-design-system\node_modules\babel-preset-react-app\create.js
ERR! - C:\Users\ayad\Desktop\learnstorybook-design-system\node_modules\babel-preset-react-app\index.js
ERR! - C:\Users\ayad\Desktop\learnstorybook-design-system\node_modules\@babel\core\lib\config\files\module-types.js
ERR! - C:\Users\ayad\Desktop\learnstorybook-design-system\node_modules\@babel\core\lib\config\files\configuration.js
ERR! - C:\Users\ayad\Desktop\learnstorybook-design-system\node_modules\@babel\core\lib\config\files\index.js
ERR! - C:\Users\ayad\Desktop\learnstorybook-design-system\node_modules\@babel\core\lib\index.js
ERR! - C:\Users\ayad\Desktop\learnstorybook-design-system\node_modules\@storybook\cli\dist\generate.js
ERR! - C:\Users\ayad\Desktop\learnstorybook-design-system\node_modules\@storybook\cli\bin\index.js
ERR! - C:\Users\ayad\Desktop\learnstorybook-design-system\node_modules\storybook\index.js (While processing: "C:\\Users\\ayad\\Desktop\\learnstorybook-design-system\\node_modules\\babel-preset-react-app\\prod.js")
ERR! 
ERR! src\stories\Page.stories.js
ERR!   Line 0:  Parsing error: [BABEL] C:\Users\ayad\Desktop\learnstorybook-design-system\src\stories\Page.stories.js: Cannot find module '@babel/plugin-proposal-optional-catch-binding'
ERR! Require stack:
ERR! - C:\Users\ayad\Desktop\learnstorybook-design-system\node_modules\babel-preset-react-app\node_modules\@babel\preset-env\lib\available-plugins.js
ERR! - C:\Users\ayad\Desktop\learnstorybook-design-system\node_modules\babel-preset-react-app\node_modules\@babel\preset-env\lib\plugins-compat-data.js
ERR! - C:\Users\ayad\Desktop\learnstorybook-design-system\node_modules\babel-preset-react-app\node_modules\@babel\preset-env\lib\normalize-options.js
ERR! - C:\Users\ayad\Desktop\learnstorybook-design-system\node_modules\babel-preset-react-app\node_modules\@babel\preset-env\lib\index.js
ERR! - C:\Users\ayad\Desktop\learnstorybook-design-system\node_modules\babel-preset-react-app\create.js
ERR! - C:\Users\ayad\Desktop\learnstorybook-design-system\node_modules\babel-preset-react-app\index.js
ERR! - C:\Users\ayad\Desktop\learnstorybook-design-system\node_modules\@babel\core\lib\config\files\module-types.js
ERR! - C:\Users\ayad\Desktop\learnstorybook-design-system\node_modules\@babel\core\lib\config\files\configuration.js
ERR! - C:\Users\ayad\Desktop\learnstorybook-design-system\node_modules\@babel\core\lib\config\files\index.js
ERR! - C:\Users\ayad\Desktop\learnstorybook-design-system\node_modules\@babel\core\lib\index.js
ERR! - C:\Users\ayad\Desktop\learnstorybook-design-system\node_modules\@storybook\cli\dist\generate.js
ERR! - C:\Users\ayad\Desktop\learnstorybook-design-system\node_modules\@storybook\cli\bin\index.js
ERR! - C:\Users\ayad\Desktop\learnstorybook-design-system\node_modules\storybook\index.js (While processing: "C:\\Users\\ayad\\Desktop\\learnstorybook-design-system\\node_modules\\babel-preset-react-app\\prod.js")
ERR! 
ERR! 
<s> [webpack.Progress] 99% cache shutdown
<s> [webpack.Progress] 99% cache shutdown
<s> [webpack.Progress] 100% 

ERR! Error: => Webpack failed, learn more with --debug-webpack
ERR!     at C:\Users\ayad\Desktop\learnstorybook-design-system\node_modules\@storybook\builder-webpack5\dist\index.js:113:210
ERR!     at C:\Users\ayad\Desktop\learnstorybook-design-system\node_modules\webpack\lib\HookWebpackError.js:40:5
ERR!     at Hook.eval [as callAsync] (eval at create (C:\Users\ayad\Desktop\learnstorybook-design-system\node_modules\tapable\lib\HookCodeFactory.js:28:14), <anonymous>:11:1)
ERR!     at Hook.CALL_ASYNC_DELEGATE [as _callAsync] (C:\Users\ayad\Desktop\learnstorybook-design-system\node_modules\tapable\lib\Hook.js:15:15)
ERR!     at Cache.shutdown (C:\Users\ayad\Desktop\learnstorybook-design-system\node_modules\webpack\lib\Cache.js:116:25)
ERR!     at C:\Users\ayad\Desktop\learnstorybook-design-system\node_modules\webpack\lib\Compiler.js:977:18
ERR!     at Hook.eval [as callAsync] (eval at create (C:\Users\ayad\Desktop\learnstorybook-design-system\node_modules\tapable\lib\HookCodeFactory.js:28:14), <anonymous>:6:1)
ERR!     at Hook.CALL_ASYNC_DELEGATE [as _callAsync] (C:\Users\ayad\Desktop\learnstorybook-design-system\node_modules\tapable\lib\Hook.js:15:15)
ERR!     at Compiler.close (C:\Users\ayad\Desktop\learnstorybook-design-system\node_modules\webpack\lib\Compiler.js:972:25)
ERR!     at C:\Users\ayad\Desktop\learnstorybook-design-system\node_modules\@storybook\builder-webpack5\dist\index.js:113:156
ERR!     at finalCallback (C:\Users\ayad\Desktop\learnstorybook-design-system\node_modules\webpack\lib\Compiler.js:318:9)
ERR!     at C:\Users\ayad\Desktop\learnstorybook-design-system\node_modules\webpack\lib\Compiler.js:333:18
ERR!     at Hook.eval [as callAsync] (eval at create (C:\Users\ayad\Desktop\learnstorybook-design-system\node_modules\tapable\lib\HookCodeFactory.js:28:14), <anonymous>:23:1)
ERR!     at Hook.CALL_ASYNC_DELEGATE [as _callAsync] (C:\Users\ayad\Desktop\learnstorybook-design-system\node_modules\tapable\lib\Hook.js:15:15)
ERR!     at onCompiled (C:\Users\ayad\Desktop\learnstorybook-design-system\node_modules\webpack\lib\Compiler.js:330:25)
ERR!     at C:\Users\ayad\Desktop\learnstorybook-design-system\node_modules\webpack\lib\Compiler.js:952:26
ERR!     at eval (eval at create (C:\Users\ayad\Desktop\learnstorybook-design-system\node_modules\tapable\lib\HookCodeFactory.js:28:14), <anonymous>:13:1)
ERR!     at runMicrotasks (<anonymous>)
ERR!     at processTicksAndRejections (node:internal/process/task_queues:96:5)
ERR!  Error: => Webpack failed, learn more with --debug-webpack
ERR!     at C:\Users\ayad\Desktop\learnstorybook-design-system\node_modules\@storybook\builder-webpack5\dist\index.js:113:210
ERR!     at C:\Users\ayad\Desktop\learnstorybook-design-system\node_modules\webpack\lib\HookWebpackError.js:40:5
ERR!     at Hook.eval [as callAsync] (eval at create (C:\Users\ayad\Desktop\learnstorybook-design-system\node_modules\tapable\lib\HookCodeFactory.js:28:14), <anonymous>:11:1)
ERR!     at Hook.CALL_ASYNC_DELEGATE [as _callAsync] (C:\Users\ayad\Desktop\learnstorybook-design-system\node_modules\tapable\lib\Hook.js:15:15)
ERR!     at Cache.shutdown (C:\Users\ayad\Desktop\learnstorybook-design-system\node_modules\webpack\lib\Cache.js:116:25)
ERR!     at C:\Users\ayad\Desktop\learnstorybook-design-system\node_modules\webpack\lib\Compiler.js:977:18
ERR!     at Hook.eval [as callAsync] (eval at create (C:\Users\ayad\Desktop\learnstorybook-design-system\node_modules\tapable\lib\HookCodeFactory.js:28:14), <anonymous>:6:1)
ERR!     at Hook.CALL_ASYNC_DELEGATE [as _callAsync] (C:\Users\ayad\Desktop\learnstorybook-design-system\node_modules\tapable\lib\Hook.js:15:15)
ERR!     at Compiler.close (C:\Users\ayad\Desktop\learnstorybook-design-system\node_modules\webpack\lib\Compiler.js:972:25)
ERR!     at C:\Users\ayad\Desktop\learnstorybook-design-system\node_modules\@storybook\builder-webpack5\dist\index.js:113:156
ERR!     at finalCallback (C:\Users\ayad\Desktop\learnstorybook-design-system\node_modules\webpack\lib\Compiler.js:318:9)
ERR!     at C:\Users\ayad\Desktop\learnstorybook-design-system\node_modules\webpack\lib\Compiler.js:333:18
ERR!     at Hook.eval [as callAsync] (eval at create (C:\Users\ayad\Desktop\learnstorybook-design-system\node_modules\tapable\lib\HookCodeFactory.js:28:14), <anonymous>:23:1)
ERR!     at Hook.CALL_ASYNC_DELEGATE [as _callAsync] (C:\Users\ayad\Desktop\learnstorybook-design-system\node_modules\tapable\lib\Hook.js:15:15)
ERR!     at onCompiled (C:\Users\ayad\Desktop\learnstorybook-design-system\node_modules\webpack\lib\Compiler.js:330:25)
ERR!     at C:\Users\ayad\Desktop\learnstorybook-design-system\node_modules\webpack\lib\Compiler.js:952:26
ERR!     at eval (eval at create (C:\Users\ayad\Desktop\learnstorybook-design-system\node_modules\tapable\lib\HookCodeFactory.js:28:14), <anonymous>:13:1)
ERR!     at runMicrotasks (<anonymous>)
ERR!     at processTicksAndRejections (node:internal/process/task_queues:96:5)
